<?xml version="1.0" encoding="UTF-8"?>
<!-- Generated by org.testng.reporters.JUnitReportReporter -->
<testsuite skipped="0" hostname="Viet-Trinh" name="Topic_01.Practise_Java" tests="1" failures="0" timestamp="16 Jan 2019 10:22:33 GMT" time="20.282" errors="0">
  <testcase name="TC_04_LoginWithPasswordInvalid" time="20.282" classname="Topic_01.Practise_Java"/>
</testsuite> <!-- Topic_01.Practise_Java -->
